[2024-08-08 16:07:39] [ ERROR] [VeterinarioServiceTest:29] org.h2.Driver
[2024-08-08 16:10:14] [ ERROR] [VeterinarioServiceTest:29] org.h2.Driver
[2024-08-08 16:12:14] [ ERROR] [DaoH2Veterinario:45] Table "VETERINARIOS" not found (this database is empty); SQL statement:
INSERT INTO VETERINARIOS VALUES(DEFAULT,?,?,?,?) [42104-230]
[2024-08-08 16:12:14] [ ERROR] [DaoH2Veterinario:87] Table "VETERINARIOS" not found (this database is empty); SQL statement:
SELECT * FROM VETERINARIOS [42104-230]
[2024-08-08 16:16:54] [ ERROR] [DaoH2Veterinario:45] Table "VETERINARIOS" not found (this database is empty); SQL statement:
INSERT INTO VETERINARIOS VALUES(DEFAULT,?,?,?,?) [42104-230]
[2024-08-08 16:16:55] [ ERROR] [DaoH2Veterinario:87] Table "VETERINARIOS" not found (this database is empty); SQL statement:
SELECT * FROM VETERINARIOS [42104-230]
[2024-08-08 16:21:03] [ ERROR] [DaoH2Veterinario:45] Table "VETERINARIOS" not found (this database is empty); SQL statement:
INSERT INTO VETERINARIOS VALUES(DEFAULT,?,?,?,?) [42104-230]
[2024-08-08 16:21:03] [ ERROR] [DaoH2Veterinario:87] Table "VETERINARIOS" not found (this database is empty); SQL statement:
SELECT * FROM VETERINARIOS [42104-230]
[2024-08-08 16:21:53] [ ERROR] [DaoH2Veterinario:45] Table "VETERINARIOS" not found (this database is empty); SQL statement:
INSERT INTO VETERINARIOS VALUES (DEFAULT,?,?,?,?) [42104-230]
[2024-08-08 16:21:53] [ ERROR] [DaoH2Veterinario:87] Table "VETERINARIOS" not found (this database is empty); SQL statement:
SELECT * FROM VETERINARIOS [42104-230]
[2024-08-08 15:25:01] [ ERROR] [DaoH2Veterinario:45] Table "VETERINARIOS" not found (this database is empty); SQL statement:
INSERT INTO VETERINARIOS VALUES (DEFAULT,?,?,?,?) [42104-230]
[2024-08-08 15:25:02] [ ERROR] [DaoH2Veterinario:87] Table "VETERINARIOS" not found (this database is empty); SQL statement:
SELECT * FROM VETERINARIOS [42104-230]
[2024-08-08 15:25:47] [ ERROR] [DaoH2Veterinario:45] Table "VETERINARIOS" not found (this database is empty); SQL statement:
INSERT INTO VETERINARIOS VALUES (DEFAULT,?,?,?,?) [42104-230]
[2024-08-08 15:25:47] [ ERROR] [DaoH2Veterinario:87] Table "VETERINARIOS" not found (this database is empty); SQL statement:
SELECT * FROM VETERINARIOS [42104-230]
[2024-08-08 15:28:44] [ ERROR] [DaoH2Veterinario:45] Table "VETERINARIOS" not found (this database is empty); SQL statement:
INSERT INTO VETERINARIOS VALUES (DEFAULT,?,?,?,?) [42104-230]
[2024-08-08 15:28:45] [ ERROR] [DaoH2Veterinario:87] Table "VETERINARIOS" not found (this database is empty); SQL statement:
SELECT * FROM VETERINARIOS [42104-230]
[2024-08-08 15:34:32] [ ERROR] [DaoH2Veterinario:45] Table "VETERINARIOS" not found (this database is empty); SQL statement:
INSERT INTO VETERINARIOS VALUES (DEFAULT,?,?,?,?) [42104-230]
[2024-08-08 15:34:33] [ ERROR] [DaoH2Veterinario:87] Table "VETERINARIOS" not found (this database is empty); SQL statement:
SELECT * FROM VETERINARIOS [42104-230]
[2024-08-08 15:36:33] [ INFO ] [DaoH2Veterinario:40] Veterinario guardado en base de datosVeterinario{id=1, nroLicencia='12345', nombre='Juan', apellido='Roldan', especialidad='Dentista'}
[2024-08-08 15:36:33] [ INFO ] [DaoH2Veterinario:83] veterinario Veterinario{id=1, nroLicencia='12345', nombre='Juan', apellido='Roldan', especialidad='Dentista'}
[2024-08-08 16:41:47] [ INFO ] [DaoH2Veterinario:40] Veterinario guardado en base de datosVeterinario{id=1, nroLicencia='12345', nombre='Juan', apellido='Roldan', especialidad='Dentista'}
[2024-08-08 16:41:47] [ INFO ] [DaoH2Veterinario:83] veterinario Veterinario{id=1, nroLicencia='12345', nombre='Juan', apellido='Roldan', especialidad='Dentista'}
[2024-08-09 16:20:49] [ INFO ] [DaoEnMemoria:17] veterinario guardado en memoria Veterinario{id=1, nroLicencia='33245', nombre='Laura', apellido='Atehortúa', especialidad='Pediatra'}
[2024-08-09 16:34:30] [ INFO ] [DaoEnMemoria:17] veterinario guardado en memoria Veterinario{id=1, nroLicencia='33245', nombre='Laura', apellido='Atehortúa', especialidad='Pediatra'}
[2024-08-12 21:03:10] [ INFO ] [DaoEnMemoria:17] veterinario guardado en memoria Veterinario{id=1, nroLicencia='33245', nombre='Laura', apellido='Atehortúa', especialidad='Pediatra'}
